<?xml version="1.0" encoding="UTF-8"?>
<!-- Generated by org.testng.reporters.JUnitReportReporter -->
<testsuite skipped="0" hostname="dell" name="testScript.FacebookTest" tests="1" failures="0" timestamp="19 Aug 2018 11:56:32 GMT" time="28.486" errors="0">
  <testcase name="facebookTest" time="28.486" classname="testScript.FacebookTest"/>
</testsuite> <!-- testScript.FacebookTest -->
